<?xml version="1.0" encoding="UTF-8"?>
<testsuite xmlns:xsi="http://www.w3.org/2001/XMLSchema-instance" xsi:noNamespaceSchemaLocation="https://maven.apache.org/surefire/maven-surefire-plugin/xsd/surefire-test-report.xsd" name="com.louie.vincent.AppTest" time="0.038" tests="1" errors="0" skipped="0" failures="1">
  <properties>
[...]
</properties>
  <testcase name="warning" classname="junit.framework.TestSuite$1" time="0.01">
    <failure message="No tests found in com.louie.vincent.spelunca" type="junit.framework.AssertionFailedError">junit.framework.AssertionFailedError: No tests found in com.louie.vincent.spelunca
	at junit.framework.TestSuite$1.runTest(TestSuite.java:100)
</failure>
  </testcase>
</testsuite>